<?xml version="1.0" encoding="UTF-8"?>
<testsuites name="api-suite23" time="22.276" tests="3" failures="0" errors="1">
   <testsuite name="api-suite23" tests="3" failures="0" errors="1" time="22.276" timestamp="2019-12-04 17:36:19" hostname="huynguyen - 192.168.34.29" id="Test Suites/api-suite23">
      <properties>
         <property name="deviceName" value=""/>
         <property name="devicePlatform" value=""/>
         <property name="logFolder" value="/Users/huynguyen/Katalon Studio/api/Reports/20191204_173616/api-suite23/20191204_173616"/>
         <property name="logFiles" value="/Users/huynguyen/Katalon Studio/api/Reports/20191204_173616/api-suite23/20191204_173616/execution0.log"/>
         <property name="attachments" value="/Users/huynguyen/Katalon Studio/api/Reports/20191204_173616/api-suite23/20191204_173616/videos/test_1.mov, /Users/huynguyen/Katalon Studio/api/Reports/20191204_173616/api-suite23/20191204_173616/videos/test_2.mov, /Users/huynguyen/Katalon Studio/api/Reports/20191204_173616/api-suite23/20191204_173616/videos/test_3.mov"/>
         <property name="hostName" value="huynguyen - 192.168.34.29"/>
         <property name="hostAddress" value="192.168.34.29"/>
         <property name="os" value="Mac OS X 64bit"/>
         <property name="katalonVersion" value="7.2.0.${buildNumber}"/>
      </properties>
      <testcase name="Test Cases/url-encoded" time="8.221" classname="Test Cases/url-encoded" status="PASSED">
         <system-out><![CDATA[2019-12-04 17:36:19 - [TEST_CASE][PASSED] - Test Cases/url-encoded: Test Cases/url-encoded

2019-12-04 17:36:20 - [TEST_STEP][PASSED] - requestObject = findTestObject("url-encoded"): null

2019-12-04 17:36:21 - [TEST_STEP][PASSED] - response = sendRequestAndVerify(requestObject): Send request and verify the response successfully

2019-12-04 17:36:25 - [MESSAGE][INFO] - HAR: /Users/huynguyen/Katalon Studio/api/Reports/20191204_173616/api-suite23/20191204_173616/requests/main/0.har

2019-12-04 17:36:25 - [TEST_CASE][PASSED] - Start Test Case : Verification: Verification accomplished successfully

2019-12-04 17:36:25 - [TEST_STEP][PASSED] - request = getInstance().getCurrentRequest(): null

2019-12-04 17:36:25 - [TEST_STEP][PASSED] - response = getInstance().getCurrentResponse(): null

2019-12-04 17:36:25 - [TEST_STEP][PASSED] - verifyResponseStatusCode(response, 200): Verify response status code successfully

2019-12-04 17:36:25 - [MESSAGE][PASSED] - Verify response status code successfully

2019-12-04 17:36:25 - [TEST_STEP][PASSED] - getStatusCode()).isEqualTo(200): null

2019-12-04 17:36:25 - [MESSAGE][PASSED] - Verify response successfully

2019-12-04 17:36:25 - [MESSAGE][PASSED] - Send request and verify the response successfully

2019-12-04 17:36:25 - [TEST_STEP][PASSED] - verifyResponseStatusCode(response, 200): Verify response status code successfully

2019-12-04 17:36:25 - [MESSAGE][PASSED] - Verify response status code successfully

2019-12-04 17:36:25 - [TEST_STEP][PASSED] - Start listener action : sampleAfterTestCase: null

2019-12-04 17:36:27 - [TEST_STEP][PASSED] - Video: Video recording for test case 'Test Cases/url-encoded' .

2019-12-04 17:36:27 - [MESSAGE][INFO] - Video recording for test case 'Test Cases/url-encoded' .
[[ATTACHMENT|/Users/huynguyen/Katalon Studio/api/Reports/20191204_173616/api-suite23/20191204_173616/videos/test_1.mov]]]]></system-out>
         <system-err><![CDATA[]]></system-err>
      </testcase>
      <testcase name="Test Cases/requestbin" time="6.238" classname="Test Cases/requestbin" status="PASSED">
         <system-out><![CDATA[2019-12-04 17:36:27 - [TEST_CASE][PASSED] - Test Cases/requestbin: Test Cases/requestbin

2019-12-04 17:36:28 - [TEST_STEP][PASSED] - requestObject = findTestObject("requestbin", ["productName":productName, "dog":dog]): null

2019-12-04 17:36:28 - [TEST_STEP][PASSED] - response1 = sendRequest(requestObject): Send request successfully

2019-12-04 17:36:30 - [MESSAGE][INFO] - HAR: /Users/huynguyen/Katalon Studio/api/Reports/20191204_173616/api-suite23/20191204_173616/requests/main/1.har

2019-12-04 17:36:30 - [MESSAGE][PASSED] - Send request successfully

2019-12-04 17:36:30 - [TEST_STEP][PASSED] - verifyResponseStatusCode(response1, 200): Verify response status code successfully

2019-12-04 17:36:30 - [MESSAGE][PASSED] - Verify response status code successfully

2019-12-04 17:36:30 - [TEST_STEP][PASSED] - getStatusCode()).isEqualTo(200): null

2019-12-04 17:36:30 - [TEST_STEP][PASSED] - verifyElementPropertyValue(response1, "success", true): Verify element property value successfully

2019-12-04 17:36:30 - [MESSAGE][PASSED] - Verify element property value successfully

2019-12-04 17:36:30 - [TEST_STEP][PASSED] - response2 = sendRequestAndVerify(requestObject): Send request and verify the response successfully

2019-12-04 17:36:31 - [MESSAGE][INFO] - HAR: /Users/huynguyen/Katalon Studio/api/Reports/20191204_173616/api-suite23/20191204_173616/requests/main/2.har

2019-12-04 17:36:31 - [TEST_CASE][PASSED] - Start Test Case : Verification: Verification accomplished successfully

2019-12-04 17:36:32 - [TEST_STEP][PASSED] - request = getInstance().getCurrentRequest(): null

2019-12-04 17:36:32 - [TEST_STEP][PASSED] - response = getInstance().getCurrentResponse(): null

2019-12-04 17:36:32 - [TEST_STEP][PASSED] - verifyResponseStatusCode(response, 200): Verify response status code successfully

2019-12-04 17:36:32 - [MESSAGE][PASSED] - Verify response status code successfully

2019-12-04 17:36:32 - [TEST_STEP][PASSED] - getStatusCode()).isEqualTo(200): null

2019-12-04 17:36:32 - [TEST_STEP][PASSED] - verifyElementPropertyValue(response, "success", true): Verify element property value successfully

2019-12-04 17:36:32 - [MESSAGE][PASSED] - Verify element property value successfully

2019-12-04 17:36:32 - [TEST_STEP][PASSED] - println(getVariables().get("productName")): null

2019-12-04 17:36:32 - [TEST_STEP][PASSED] - println(getVariables().get("test")): null

2019-12-04 17:36:32 - [MESSAGE][PASSED] - Verify response successfully

2019-12-04 17:36:32 - [MESSAGE][PASSED] - Send request and verify the response successfully

2019-12-04 17:36:32 - [TEST_STEP][PASSED] - verifyResponseStatusCode(response2, 200): Verify response status code successfully

2019-12-04 17:36:32 - [MESSAGE][PASSED] - Verify response status code successfully

2019-12-04 17:36:32 - [TEST_STEP][PASSED] - getStatusCode()).isEqualTo(200): null

2019-12-04 17:36:32 - [TEST_STEP][PASSED] - verifyElementPropertyValue(response2, "success", true): Verify element property value successfully

2019-12-04 17:36:32 - [MESSAGE][PASSED] - Verify element property value successfully

2019-12-04 17:36:32 - [TEST_STEP][PASSED] - Start listener action : sampleAfterTestCase: null

2019-12-04 17:36:34 - [TEST_STEP][PASSED] - Video: Video recording for test case 'Test Cases/requestbin' .

2019-12-04 17:36:34 - [MESSAGE][INFO] - Video recording for test case 'Test Cases/requestbin' .
[[ATTACHMENT|/Users/huynguyen/Katalon Studio/api/Reports/20191204_173616/api-suite23/20191204_173616/videos/test_2.mov]]]]></system-out>
         <system-err><![CDATA[]]></system-err>
      </testcase>
      <testcase name="Test Cases/mockoon" time="2.522" classname="Test Cases/mockoon" status="ERROR">
         <error type="ERROR" message="Test Cases/mockoon FAILED.
Reason:
org.codehaus.groovy.control.MultipleCompilationErrorsException: startup failed:
file:/Users/huynguyen/Katalon%20Studio/api/Scripts/mockoon/Script1575454852721.groovy: 15: unable to resolve class com.kms.katalon.core.windows.keyword.WindowsBuiltinKeywords
 @ line 15, column 1.
   import com.kms.katalon.core.windows.keyword.WindowsBuiltinKeywords as Windows
   ^

1 error

	at com.kms.katalon.core.main.ScriptEngine.getScript(ScriptEngine.java:199)
	at com.kms.katalon.core.main.ScriptEngine.run(ScriptEngine.java:194)
	at com.kms.katalon.core.main.ScriptEngine.runScriptAsRawText(ScriptEngine.java:119)
	at com.kms.katalon.core.main.TestCaseExecutor.runScript(TestCaseExecutor.java:337)
	at com.kms.katalon.core.main.TestCaseExecutor.doExecute(TestCaseExecutor.java:328)
	at com.kms.katalon.core.main.TestCaseExecutor.processExecutionPhase(TestCaseExecutor.java:307)
	at com.kms.katalon.core.main.TestCaseExecutor.accessMainPhase(TestCaseExecutor.java:299)
	at com.kms.katalon.core.main.TestCaseExecutor.execute(TestCaseExecutor.java:233)
	at com.kms.katalon.core.main.TestSuiteExecutor.accessTestCaseMainPhase(TestSuiteExecutor.java:169)
	at com.kms.katalon.core.main.TestSuiteExecutor.accessTestSuiteMainPhase(TestSuiteExecutor.java:142)
	at com.kms.katalon.core.main.TestSuiteExecutor.execute(TestSuiteExecutor.java:91)
	at com.kms.katalon.core.main.TestCaseMain.startTestSuite(TestCaseMain.java:157)
	at com.kms.katalon.core.main.TestCaseMain$startTestSuite$0.call(Unknown Source)
	at TempTestSuite1575455776481.run(TempTestSuite1575455776481.groovy:35)
"/>
         <system-out><![CDATA[2019-12-04 17:36:34 - [TEST_CASE][ERROR] - Test Cases/mockoon: Test Cases/mockoon FAILED.
Reason:
org.codehaus.groovy.control.MultipleCompilationErrorsException: startup failed:
file:/Users/huynguyen/Katalon%20Studio/api/Scripts/mockoon/Script1575454852721.groovy: 15: unable to resolve class com.kms.katalon.core.windows.keyword.WindowsBuiltinKeywords
 @ line 15, column 1.
   import com.kms.katalon.core.windows.keyword.WindowsBuiltinKeywords as Windows
   ^

1 error

	at com.kms.katalon.core.main.ScriptEngine.getScript(ScriptEngine.java:199)
	at com.kms.katalon.core.main.ScriptEngine.run(ScriptEngine.java:194)
	at com.kms.katalon.core.main.ScriptEngine.runScriptAsRawText(ScriptEngine.java:119)
	at com.kms.katalon.core.main.TestCaseExecutor.runScript(TestCaseExecutor.java:337)
	at com.kms.katalon.core.main.TestCaseExecutor.doExecute(TestCaseExecutor.java:328)
	at com.kms.katalon.core.main.TestCaseExecutor.processExecutionPhase(TestCaseExecutor.java:307)
	at com.kms.katalon.core.main.TestCaseExecutor.accessMainPhase(TestCaseExecutor.java:299)
	at com.kms.katalon.core.main.TestCaseExecutor.execute(TestCaseExecutor.java:233)
	at com.kms.katalon.core.main.TestSuiteExecutor.accessTestCaseMainPhase(TestSuiteExecutor.java:169)
	at com.kms.katalon.core.main.TestSuiteExecutor.accessTestSuiteMainPhase(TestSuiteExecutor.java:142)
	at com.kms.katalon.core.main.TestSuiteExecutor.execute(TestSuiteExecutor.java:91)
	at com.kms.katalon.core.main.TestCaseMain.startTestSuite(TestCaseMain.java:157)
	at com.kms.katalon.core.main.TestCaseMain$startTestSuite$0.call(Unknown Source)
	at TempTestSuite1575455776481.run(TempTestSuite1575455776481.groovy:35)


2019-12-04 17:36:34 - [TEST_STEP][PASSED] - Start listener action : sampleAfterTestCase: null

2019-12-04 17:36:36 - [TEST_STEP][PASSED] - Video: Video recording for test case 'Test Cases/mockoon' .

2019-12-04 17:36:36 - [MESSAGE][INFO] - Video recording for test case 'Test Cases/mockoon' .
[[ATTACHMENT|/Users/huynguyen/Katalon Studio/api/Reports/20191204_173616/api-suite23/20191204_173616/videos/test_3.mov]]]]></system-out>
         <system-err><![CDATA[2019-12-04 17:36:34 - [TEST_CASE][ERROR] - Test Cases/mockoon: Test Cases/mockoon FAILED.
Reason:
org.codehaus.groovy.control.MultipleCompilationErrorsException: startup failed:
file:/Users/huynguyen/Katalon%20Studio/api/Scripts/mockoon/Script1575454852721.groovy: 15: unable to resolve class com.kms.katalon.core.windows.keyword.WindowsBuiltinKeywords
 @ line 15, column 1.
   import com.kms.katalon.core.windows.keyword.WindowsBuiltinKeywords as Windows
   ^

1 error

	at com.kms.katalon.core.main.ScriptEngine.getScript(ScriptEngine.java:199)
	at com.kms.katalon.core.main.ScriptEngine.run(ScriptEngine.java:194)
	at com.kms.katalon.core.main.ScriptEngine.runScriptAsRawText(ScriptEngine.java:119)
	at com.kms.katalon.core.main.TestCaseExecutor.runScript(TestCaseExecutor.java:337)
	at com.kms.katalon.core.main.TestCaseExecutor.doExecute(TestCaseExecutor.java:328)
	at com.kms.katalon.core.main.TestCaseExecutor.processExecutionPhase(TestCaseExecutor.java:307)
	at com.kms.katalon.core.main.TestCaseExecutor.accessMainPhase(TestCaseExecutor.java:299)
	at com.kms.katalon.core.main.TestCaseExecutor.execute(TestCaseExecutor.java:233)
	at com.kms.katalon.core.main.TestSuiteExecutor.accessTestCaseMainPhase(TestSuiteExecutor.java:169)
	at com.kms.katalon.core.main.TestSuiteExecutor.accessTestSuiteMainPhase(TestSuiteExecutor.java:142)
	at com.kms.katalon.core.main.TestSuiteExecutor.execute(TestSuiteExecutor.java:91)
	at com.kms.katalon.core.main.TestCaseMain.startTestSuite(TestCaseMain.java:157)
	at com.kms.katalon.core.main.TestCaseMain$startTestSuite$0.call(Unknown Source)
	at TempTestSuite1575455776481.run(TempTestSuite1575455776481.groovy:35)]]></system-err>
      </testcase>
      <system-out><![CDATA[2019-12-04 17:36:19 - [TEST_SUITE][ERROR] - api-suite23: Test Cases/mockoon FAILED.
Reason:
org.codehaus.groovy.control.MultipleCompilationErrorsException: startup failed:
file:/Users/huynguyen/Katalon%20Studio/api/Scripts/mockoon/Script1575454852721.groovy: 15: unable to resolve class com.kms.katalon.core.windows.keyword.WindowsBuiltinKeywords
 @ line 15, column 1.
   import com.kms.katalon.core.windows.keyword.WindowsBuiltinKeywords as Windows
   ^

1 error

	at com.kms.katalon.core.main.ScriptEngine.getScript(ScriptEngine.java:199)
	at com.kms.katalon.core.main.ScriptEngine.run(ScriptEngine.java:194)
	at com.kms.katalon.core.main.ScriptEngine.runScriptAsRawText(ScriptEngine.java:119)
	at com.kms.katalon.core.main.TestCaseExecutor.runScript(TestCaseExecutor.java:337)
	at com.kms.katalon.core.main.TestCaseExecutor.doExecute(TestCaseExecutor.java:328)
	at com.kms.katalon.core.main.TestCaseExecutor.processExecutionPhase(TestCaseExecutor.java:307)
	at com.kms.katalon.core.main.TestCaseExecutor.accessMainPhase(TestCaseExecutor.java:299)
	at com.kms.katalon.core.main.TestCaseExecutor.execute(TestCaseExecutor.java:233)
	at com.kms.katalon.core.main.TestSuiteExecutor.accessTestCaseMainPhase(TestSuiteExecutor.java:169)
	at com.kms.katalon.core.main.TestSuiteExecutor.accessTestSuiteMainPhase(TestSuiteExecutor.java:142)
	at com.kms.katalon.core.main.TestSuiteExecutor.execute(TestSuiteExecutor.java:91)
	at com.kms.katalon.core.main.TestCaseMain.startTestSuite(TestCaseMain.java:157)
	at com.kms.katalon.core.main.TestCaseMain$startTestSuite$0.call(Unknown Source)
	at TempTestSuite1575455776481.run(TempTestSuite1575455776481.groovy:35)]]></system-out>
      <system-err><![CDATA[2019-12-04 17:36:19 - [TEST_SUITE][ERROR] - api-suite23: Test Cases/mockoon FAILED.
Reason:
org.codehaus.groovy.control.MultipleCompilationErrorsException: startup failed:
file:/Users/huynguyen/Katalon%20Studio/api/Scripts/mockoon/Script1575454852721.groovy: 15: unable to resolve class com.kms.katalon.core.windows.keyword.WindowsBuiltinKeywords
 @ line 15, column 1.
   import com.kms.katalon.core.windows.keyword.WindowsBuiltinKeywords as Windows
   ^

1 error

	at com.kms.katalon.core.main.ScriptEngine.getScript(ScriptEngine.java:199)
	at com.kms.katalon.core.main.ScriptEngine.run(ScriptEngine.java:194)
	at com.kms.katalon.core.main.ScriptEngine.runScriptAsRawText(ScriptEngine.java:119)
	at com.kms.katalon.core.main.TestCaseExecutor.runScript(TestCaseExecutor.java:337)
	at com.kms.katalon.core.main.TestCaseExecutor.doExecute(TestCaseExecutor.java:328)
	at com.kms.katalon.core.main.TestCaseExecutor.processExecutionPhase(TestCaseExecutor.java:307)
	at com.kms.katalon.core.main.TestCaseExecutor.accessMainPhase(TestCaseExecutor.java:299)
	at com.kms.katalon.core.main.TestCaseExecutor.execute(TestCaseExecutor.java:233)
	at com.kms.katalon.core.main.TestSuiteExecutor.accessTestCaseMainPhase(TestSuiteExecutor.java:169)
	at com.kms.katalon.core.main.TestSuiteExecutor.accessTestSuiteMainPhase(TestSuiteExecutor.java:142)
	at com.kms.katalon.core.main.TestSuiteExecutor.execute(TestSuiteExecutor.java:91)
	at com.kms.katalon.core.main.TestCaseMain.startTestSuite(TestCaseMain.java:157)
	at com.kms.katalon.core.main.TestCaseMain$startTestSuite$0.call(Unknown Source)
	at TempTestSuite1575455776481.run(TempTestSuite1575455776481.groovy:35)]]></system-err>
   </testsuite>
</testsuites>
